<?xml version="1.0" encoding="UTF-8"?>
<testng-results skipped="0" failed="0" ignored="0" total="1" passed="1">
  <reporter-output>
  </reporter-output>
  <suite name="Surefire suite" duration-ms="16668" started-at="2022-09-14T23:52:46 IST" finished-at="2022-09-14T23:53:03 IST">
    <groups>
    </groups>
    <test name="Surefire test" duration-ms="16668" started-at="2022-09-14T23:52:46 IST" finished-at="2022-09-14T23:53:03 IST">
      <class name="mavenpractice1.mavenclass">
        <test-method status="PASS" signature="mavenclasss()[pri:0, instance:mavenpractice1.mavenclass@a7e666]" name="mavenclasss" is-config="true" duration-ms="13892" started-at="2022-09-14T23:52:46 IST" finished-at="2022-09-14T23:53:00 IST">
          <reporter-output>
          </reporter-output>
        </test-method> <!-- mavenclasss -->
        <test-method status="PASS" signature="attestmet()[pri:0, instance:mavenpractice1.mavenclass@a7e666]" name="attestmet" duration-ms="2692" started-at="2022-09-14T23:53:00 IST" finished-at="2022-09-14T23:53:03 IST">
          <reporter-output>
          </reporter-output>
        </test-method> <!-- attestmet -->
        <test-method status="PASS" signature="aftermethod()[pri:0, instance:mavenpractice1.mavenclass@a7e666]" name="aftermethod" is-config="true" duration-ms="0" started-at="2022-09-14T23:53:03 IST" finished-at="2022-09-14T23:53:03 IST">
          <reporter-output>
          </reporter-output>
        </test-method> <!-- aftermethod -->
      </class> <!-- mavenpractice1.mavenclass -->
    </test> <!-- Surefire test -->
  </suite> <!-- Surefire suite -->
</testng-results>
